<?xml version="1.0" encoding="UTF-8"?>
<!-- Generated by org.testng.reporters.JUnitXMLReporter -->
<testsuite ignored="0" hostname="LAPTOP-CNDO9REH" failures="0" tests="3" name="Default test" time="50.302" errors="0" timestamp="2022-11-24T11:26:24 IST">
  <testcase classname="pom_testcases.DWS_Advance_search_Test" name="advancesearch" time="2.298"/>
  <testcase classname="pom_testcases.DWS_Digital_Downloads_Test" name="digital_downloads" time="1.468"/>
  <testcase classname="pom_testcases.DWS_Apparel_Shoes_Test" name="apparel_shoes" time="3.004"/>
</testsuite> <!-- Default test -->
