<?xml version="1.0" encoding="UTF-8"?>
<testng-results ignored="0" total="3" passed="3" failed="0" skipped="0">
  <reporter-output>
  </reporter-output>
  <suite started-at="2022-11-24T11:58:18 IST" name="Suite" finished-at="2022-11-24T11:59:08 IST" duration-ms="49766">
    <groups>
    </groups>
    <test started-at="2022-11-24T11:58:18 IST" name="Test" finished-at="2022-11-24T11:59:08 IST" duration-ms="49766">
      <class name="pom_testcases.DWS_Advance_search_Test">
        <test-method is-config="true" signature="Browser_setup()[pri:0, instance:pom_testcases.DWS_Advance_search_Test@3e27ba32]" started-at="2022-11-24T11:58:18 IST" name="Browser_setup" finished-at="2022-11-24T11:58:22 IST" duration-ms="3592" status="PASS">
          <reporter-output>
          </reporter-output>
        </test-method> <!-- Browser_setup -->
        <test-method signature="advancesearch(java.lang.String,java.lang.String,java.lang.String,java.lang.String,java.lang.String)[pri:0, instance:pom_testcases.DWS_Advance_search_Test@3e27ba32]" started-at="2022-11-24T11:58:22 IST" name="advancesearch" data-provider="test_data" finished-at="2022-11-24T11:58:25 IST" duration-ms="2633" status="PASS">
          <params>
            <param index="0">
              <value>
                <![CDATA[Books]]>
              </value>
            </param>
            <param index="1">
              <value>
                <![CDATA[Books]]>
              </value>
            </param>
            <param index="2">
              <value>
                <![CDATA[Tricentis]]>
              </value>
            </param>
            <param index="3">
              <value>
                <![CDATA[100]]>
              </value>
            </param>
            <param index="4">
              <value>
                <![CDATA[300]]>
              </value>
            </param>
          </params>
          <reporter-output>
          </reporter-output>
        </test-method> <!-- advancesearch -->
        <test-method is-config="true" signature="TearDown()[pri:0, instance:pom_testcases.DWS_Advance_search_Test@3e27ba32]" started-at="2022-11-24T11:58:25 IST" name="TearDown" finished-at="2022-11-24T11:58:25 IST" duration-ms="109" status="PASS">
          <reporter-output>
          </reporter-output>
        </test-method> <!-- TearDown -->
      </class> <!-- pom_testcases.DWS_Advance_search_Test -->
      <class name="pom_testcases.DWS_Digital_Downloads_Test">
        <test-method is-config="true" signature="Browser_setup()[pri:0, instance:pom_testcases.DWS_Digital_Downloads_Test@7161d8d1]" started-at="2022-11-24T11:58:47 IST" name="Browser_setup" finished-at="2022-11-24T11:58:50 IST" duration-ms="2789" status="PASS">
          <reporter-output>
          </reporter-output>
        </test-method> <!-- Browser_setup -->
        <test-method signature="digital_downloads(java.lang.String)[pri:0, instance:pom_testcases.DWS_Digital_Downloads_Test@7161d8d1]" started-at="2022-11-24T11:58:50 IST" name="digital_downloads" data-provider="test_data" finished-at="2022-11-24T11:58:52 IST" duration-ms="1502" status="PASS">
          <params>
            <param index="0">
              <value>
                <![CDATA[Name: Z to A]]>
              </value>
            </param>
          </params>
          <reporter-output>
          </reporter-output>
        </test-method> <!-- digital_downloads -->
        <test-method is-config="true" signature="TearDown()[pri:0, instance:pom_testcases.DWS_Digital_Downloads_Test@7161d8d1]" started-at="2022-11-24T11:58:52 IST" name="TearDown" finished-at="2022-11-24T11:59:08 IST" duration-ms="16248" status="PASS">
          <reporter-output>
          </reporter-output>
        </test-method> <!-- TearDown -->
      </class> <!-- pom_testcases.DWS_Digital_Downloads_Test -->
      <class name="pom_testcases.DWS_Apparel_Shoes_Test">
        <test-method is-config="true" signature="Browser_setup()[pri:0, instance:pom_testcases.DWS_Apparel_Shoes_Test@74d1dc36]" started-at="2022-11-24T11:58:25 IST" name="Browser_setup" finished-at="2022-11-24T11:58:28 IST" duration-ms="2976" status="PASS">
          <reporter-output>
          </reporter-output>
        </test-method> <!-- Browser_setup -->
        <test-method signature="apparel_shoes()[pri:0, instance:pom_testcases.DWS_Apparel_Shoes_Test@74d1dc36]" started-at="2022-11-24T11:58:28 IST" name="apparel_shoes" finished-at="2022-11-24T11:58:31 IST" duration-ms="3060" status="PASS">
          <reporter-output>
          </reporter-output>
        </test-method> <!-- apparel_shoes -->
        <test-method is-config="true" signature="TearDown()[pri:0, instance:pom_testcases.DWS_Apparel_Shoes_Test@74d1dc36]" started-at="2022-11-24T11:58:31 IST" name="TearDown" finished-at="2022-11-24T11:58:47 IST" duration-ms="16256" status="PASS">
          <reporter-output>
          </reporter-output>
        </test-method> <!-- TearDown -->
      </class> <!-- pom_testcases.DWS_Apparel_Shoes_Test -->
    </test> <!-- Test -->
  </suite> <!-- Suite -->
</testng-results>
