<?xml version="1.0" encoding="UTF-8"?>
<!-- Generated by org.testng.reporters.JUnitXMLReporter -->
<testsuite ignored="0" hostname="LAPTOP-CNDO9REH" failures="0" tests="5" name="regressionTest" time="69.004" errors="0" timestamp="2022-11-10T21:35:43 IST">
  <testcase classname="Revision_Scripts.computers" name="register" time="0.011"/>
  <testcase classname="Revision_Scripts.computers" name="testcase2" time="1.444"/>
  <testcase classname="Revision_Scripts.computers" name="login" time="0.002"/>
  <testcase classname="Revision_Scripts.Radiobuttons" name="testcase1" time="6.232"/>
  <testcase classname="Revision_Scripts.Radiobuttons" name="logout" time="0.002"/>
</testsuite> <!-- regressionTest -->
