<?xml version="1.0" encoding="UTF-8"?>
<!-- Generated by org.testng.reporters.JUnitXMLReporter -->
<testsuite ignored="0" hostname="LAPTOP-CNDO9REH" failures="0" tests="3" name="Test" time="49.766" errors="0" timestamp="2022-11-24T11:59:08 IST">
  <testcase classname="pom_testcases.DWS_Advance_search_Test" name="advancesearch" time="2.633"/>
  <testcase classname="pom_testcases.DWS_Apparel_Shoes_Test" name="apparel_shoes" time="3.06"/>
  <testcase classname="pom_testcases.DWS_Digital_Downloads_Test" name="digital_downloads" time="1.502"/>
</testsuite> <!-- Test -->
